[2336:18] array (
  'faultcode' => 'soapenv:Server.userException',
  'faultstring' => 'java.lang.ArrayIndexOutOfBoundsException',
  'detail' => 
  array (
    'stackTrace' => 'java.lang.ArrayIndexOutOfBoundsException
',
    'hostname' => 'server.softpos-tlcfzc.com',
  ),
)
[2338:34] array (
  'faultcode' => 'soapenv:Server.userException',
  'faultstring' => 'java.lang.ArrayIndexOutOfBoundsException',
  'detail' => 
  array (
    'stackTrace' => 'java.lang.ArrayIndexOutOfBoundsException
',
    'hostname' => 'server.softpos-tlcfzc.com',
  ),
)
